Using pre-set license
Built from '2020.3/staging' branch; Version is '2020.3.30f1 (1fb1bf06830e) revision 2077119'; Using compiler version '192528614'; Build Type 'Release'
OS: 'Windows 10  (10.0.19044) 64bit Core' Language: 'ko' Physical Memory: 16316 MB
BatchMode: 1, IsHumanControllingUs: 0, StartBugReporterOnCrash: 0, Is64bit: 1, IsPro: 0

COMMAND LINE ARGUMENTS:
C:\Program Files (x86)\2020.3.30f1\Editor\Unity.exe
-adb2
-batchMode
-noUpm
-name
AssetImportWorker0
-projectPath
D:/Unity_khh/CapStone/CakeRush
-logFile
Logs/AssetImportWorker0.log
-srvPort
54125
Successfully changed project path to: D:/Unity_khh/CapStone/CakeRush
D:/Unity_khh/CapStone/CakeRush
Using Asset Import Pipeline V2.
Refreshing native plugins compatible for Editor in 22.28 ms, found 2 plugins.
Preloading 0 native plugins for Editor in 0.00 ms.
Initialize engine version: 2020.3.30f1 (1fb1bf06830e)
[Subsystems] Discovering subsystems at path C:/Program Files (x86)/2020.3.30f1/Editor/Data/Resources/UnitySubsystems
[Subsystems] Discovering subsystems at path D:/Unity_khh/CapStone/CakeRush/Assets
GfxDevice: creating device client; threaded=0
Direct3D:
    Version:  Direct3D 11.0 [level 11.1]
    Renderer: NVIDIA GeForce GTX 1660 SUPER (ID=0x21c4)
    Vendor:   
    VRAM:     5991 MB
    Driver:   27.21.14.5730
Initialize mono
Mono path[0] = 'C:/Program Files (x86)/2020.3.30f1/Editor/Data/Managed'
Mono path[1] = 'C:/Program Files (x86)/2020.3.30f1/Editor/Data/MonoBleedingEdge/lib/mono/unityjit'
Mono config path = 'C:/Program Files (x86)/2020.3.30f1/Editor/Data/MonoBleedingEdge/etc'
Using monoOptions --debugger-agent=transport=dt_socket,embedding=1,server=y,suspend=n,address=127.0.0.1:56884
Begin MonoManager ReloadAssembly
Registering precompiled unity dll's ...
Register platform support module: C:/Program Files (x86)/2020.3.30f1/Editor/Data/PlaybackEngines/WindowsStandaloneSupport/UnityEditor.WindowsStandalone.Extensions.dll
Registered in 0.002445 seconds.
Native extension for WindowsStandalone target not found
Refreshing native plugins compatible for Editor in 23.16 ms, found 2 plugins.
Preloading 0 native plugins for Editor in 0.00 ms.
Mono: successfully reloaded assembly
- Completed reload, in  0.460 seconds
Domain Reload Profiling:
	ReloadAssembly (460ms)
		BeginReloadAssembly (63ms)
			ExecutionOrderSort (0ms)
			DisableScriptedObjects (0ms)
			BackupInstance (0ms)
			ReleaseScriptingObjects (0ms)
			CreateAndSetChildDomain (1ms)
		EndReloadAssembly (336ms)
			LoadAssemblies (60ms)
			RebuildTransferFunctionScriptingTraits (0ms)
			SetupTypeCache (112ms)
			ReleaseScriptCaches (0ms)
			RebuildScriptCaches (24ms)
			SetupLoadedEditorAssemblies (120ms)
				LogAssemblyErrors (0ms)
				InitializePlatformSupportModulesInManaged (3ms)
				SetLoadedEditorAssemblies (0ms)
				RefreshPlugins (23ms)
				BeforeProcessingInitializeOnLoad (13ms)
				ProcessInitializeOnLoadAttributes (60ms)
				ProcessInitializeOnLoadMethodAttributes (21ms)
				AfterProcessingInitializeOnLoad (0ms)
				EditorAssembliesLoaded (0ms)
			ExecutionOrderSort2 (0ms)
			AwakeInstancesAfterBackupRestoration (0ms)
Platform modules already initialized, skipping
Registering precompiled user dll's ...
Registered in 0.001458 seconds.
Begin MonoManager ReloadAssembly
Native extension for WindowsStandalone target not found
Refreshing native plugins compatible for Editor in 0.29 ms, found 2 plugins.
Preloading 0 native plugins for Editor in 0.00 ms.
Mono: successfully reloaded assembly
- Completed reload, in  0.776 seconds
Domain Reload Profiling:
	ReloadAssembly (776ms)
		BeginReloadAssembly (131ms)
			ExecutionOrderSort (0ms)
			DisableScriptedObjects (4ms)
			BackupInstance (0ms)
			ReleaseScriptingObjects (0ms)
			CreateAndSetChildDomain (15ms)
		EndReloadAssembly (594ms)
			LoadAssemblies (83ms)
			RebuildTransferFunctionScriptingTraits (0ms)
			SetupTypeCache (203ms)
			ReleaseScriptCaches (0ms)
			RebuildScriptCaches (30ms)
			SetupLoadedEditorAssemblies (226ms)
				LogAssemblyErrors (0ms)
				InitializePlatformSupportModulesInManaged (3ms)
				SetLoadedEditorAssemblies (0ms)
				RefreshPlugins (0ms)
				BeforeProcessingInitializeOnLoad (60ms)
				ProcessInitializeOnLoadAttributes (147ms)
				ProcessInitializeOnLoadMethodAttributes (7ms)
				AfterProcessingInitializeOnLoad (8ms)
				EditorAssembliesLoaded (0ms)
			ExecutionOrderSort2 (0ms)
			AwakeInstancesAfterBackupRestoration (5ms)
Platform modules already initialized, skipping
========================================================================
Worker process is ready to serve import requests
Launched and connected shader compiler UnityShaderCompiler.exe after 0.03 seconds
Refreshing native plugins compatible for Editor in 0.30 ms, found 2 plugins.
Preloading 0 native plugins for Editor in 0.00 ms.
Unloading 1502 Unused Serialized files (Serialized files now loaded: 0)
System memory in use before: 67.6 MB.
System memory in use after: 67.7 MB.

Unloading 16 unused Assets to reduce memory usage. Loaded Objects now: 1937.
Total: 2.300700 ms (FindLiveObjects: 0.127200 ms CreateObjectMapping: 0.042400 ms MarkObjects: 2.044000 ms  DeleteObjects: 0.086700 ms)

AssetImportParameters requested are different than current active one (requested -> active):
  custom:framework-win-MediaFoundation: 216162199b28c13a410421893ffa2e32 -> 
  custom:video-decoder-ogg-theora: a1e56fd34408186e4bbccfd4996cb3dc -> 
  custom:container-muxer-webm: aa71ff27fc2769a1b78a27578f13a17b -> 
  custom:container-demuxer-webm: 4f35f7cbe854078d1ac9338744f61a02 -> 
  custom:container-demuxer-ogg: 62fdf1f143b41e24485cea50d1cbac27 -> 
  custom:video-encoder-webm-vp8: eb34c28f22e8b96e1ab97ce403110664 -> 
  custom:video-codec-MediaFoundation-h265: 746d11721c4dcdbdad8f713fa42b33f4 -> 
  custom:video-decoder-webm-vp8: 9c59270c3fd7afecdb556c50c9e8de78 -> 
  custom:audio-decoder-ogg-vorbis: bf7c407c2cedff20999df2af8eb42d56 -> 
  custom:audio-encoder-webm-vorbis: bf7c407c2cedff20999df2af8eb42d56 -> 
========================================================================
Received Import Request.
  path: Assets
  artifactKey: Guid(00000000000000001000000000000000) Importer(815301076,1909f56bfc062723c751e8b465ee728b)
Start importing Assets using Guid(00000000000000001000000000000000) Importer(815301076,1909f56bfc062723c751e8b465ee728b)  -> (artifact id: '42d402b061de3733987d63b9cc3b64de') in 0.002995 seconds 
========================================================================
Received Import Request.
  Time since last request: 3.241881 seconds.
  path: Assets/NewBehaviourScript.cs
  artifactKey: Guid(99b2aafaf2694c7419c229acae6b530f) Importer(815301076,1909f56bfc062723c751e8b465ee728b)
Start importing Assets/NewBehaviourScript.cs using Guid(99b2aafaf2694c7419c229acae6b530f) Importer(815301076,1909f56bfc062723c751e8b465ee728b)  -> (artifact id: '9bbeb3a3908320db017ea4b0a7f56a94') in 0.018237 seconds 
========================================================================
Received Prepare
Registering precompiled user dll's ...
Registered in 0.001307 seconds.
Begin MonoManager ReloadAssembly
Native extension for WindowsStandalone target not found
Refreshing native plugins compatible for Editor in 0.28 ms, found 2 plugins.
Preloading 0 native plugins for Editor in 0.00 ms.
Mono: successfully reloaded assembly
- Completed reload, in  0.734 seconds
Domain Reload Profiling:
	ReloadAssembly (735ms)
		BeginReloadAssembly (109ms)
			ExecutionOrderSort (0ms)
			DisableScriptedObjects (4ms)
			BackupInstance (0ms)
			ReleaseScriptingObjects (0ms)
			CreateAndSetChildDomain (25ms)
		EndReloadAssembly (575ms)
			LoadAssemblies (89ms)
			RebuildTransferFunctionScriptingTraits (0ms)
			SetupTypeCache (200ms)
			ReleaseScriptCaches (1ms)
			RebuildScriptCaches (28ms)
			SetupLoadedEditorAssemblies (213ms)
				LogAssemblyErrors (0ms)
				InitializePlatformSupportModulesInManaged (3ms)
				SetLoadedEditorAssemblies (0ms)
				RefreshPlugins (0ms)
				BeforeProcessingInitializeOnLoad (56ms)
				ProcessInitializeOnLoadAttributes (138ms)
				ProcessInitializeOnLoadMethodAttributes (7ms)
				AfterProcessingInitializeOnLoad (8ms)
				EditorAssembliesLoaded (0ms)
			ExecutionOrderSort2 (0ms)
			AwakeInstancesAfterBackupRestoration (5ms)
Platform modules already initialized, skipping
Refreshing native plugins compatible for Editor in 0.22 ms, found 2 plugins.
Preloading 0 native plugins for Editor in 0.00 ms.
Unloading 1497 Unused Serialized files (Serialized files now loaded: 0)
System memory in use before: 67.5 MB.
System memory in use after: 67.6 MB.

Unloading 11 unused Assets to reduce memory usage. Loaded Objects now: 1940.
Total: 2.009000 ms (FindLiveObjects: 0.114600 ms CreateObjectMapping: 0.040700 ms MarkObjects: 1.840200 ms  DeleteObjects: 0.013100 ms)

AssetImportParameters requested are different than current active one (requested -> active):
  custom:framework-win-MediaFoundation: 216162199b28c13a410421893ffa2e32 -> 
  custom:video-decoder-ogg-theora: a1e56fd34408186e4bbccfd4996cb3dc -> 
  custom:container-muxer-webm: aa71ff27fc2769a1b78a27578f13a17b -> 
  custom:container-demuxer-webm: 4f35f7cbe854078d1ac9338744f61a02 -> 
  custom:container-demuxer-ogg: 62fdf1f143b41e24485cea50d1cbac27 -> 
  custom:video-encoder-webm-vp8: eb34c28f22e8b96e1ab97ce403110664 -> 
  custom:video-codec-MediaFoundation-h265: 746d11721c4dcdbdad8f713fa42b33f4 -> 
  custom:video-decoder-webm-vp8: 9c59270c3fd7afecdb556c50c9e8de78 -> 
  custom:audio-decoder-ogg-vorbis: bf7c407c2cedff20999df2af8eb42d56 -> 
  custom:audio-encoder-webm-vorbis: bf7c407c2cedff20999df2af8eb42d56 -> 
========================================================================
Received Prepare
Registering precompiled user dll's ...
Registered in 0.001329 seconds.
Begin MonoManager ReloadAssembly
Native extension for WindowsStandalone target not found
Refreshing native plugins compatible for Editor in 0.29 ms, found 2 plugins.
Preloading 0 native plugins for Editor in 0.00 ms.
Mono: successfully reloaded assembly
- Completed reload, in  0.737 seconds
Domain Reload Profiling:
	ReloadAssembly (737ms)
		BeginReloadAssembly (102ms)
			ExecutionOrderSort (0ms)
			DisableScriptedObjects (3ms)
			BackupInstance (0ms)
			ReleaseScriptingObjects (0ms)
			CreateAndSetChildDomain (23ms)
		EndReloadAssembly (583ms)
			LoadAssemblies (85ms)
			RebuildTransferFunctionScriptingTraits (0ms)
			SetupTypeCache (201ms)
			ReleaseScriptCaches (1ms)
			RebuildScriptCaches (28ms)
			SetupLoadedEditorAssemblies (219ms)
				LogAssemblyErrors (0ms)
				InitializePlatformSupportModulesInManaged (3ms)
				SetLoadedEditorAssemblies (0ms)
				RefreshPlugins (0ms)
				BeforeProcessingInitializeOnLoad (56ms)
				ProcessInitializeOnLoadAttributes (143ms)
				ProcessInitializeOnLoadMethodAttributes (7ms)
				AfterProcessingInitializeOnLoad (8ms)
				EditorAssembliesLoaded (0ms)
			ExecutionOrderSort2 (0ms)
			AwakeInstancesAfterBackupRestoration (5ms)
Platform modules already initialized, skipping
Refreshing native plugins compatible for Editor in 0.23 ms, found 2 plugins.
Preloading 0 native plugins for Editor in 0.00 ms.
Unloading 1496 Unused Serialized files (Serialized files now loaded: 0)
System memory in use before: 67.5 MB.
System memory in use after: 67.6 MB.

Unloading 12 unused Assets to reduce memory usage. Loaded Objects now: 1941.
Total: 1.954600 ms (FindLiveObjects: 0.114200 ms CreateObjectMapping: 0.041400 ms MarkObjects: 1.784800 ms  DeleteObjects: 0.013700 ms)

AssetImportParameters requested are different than current active one (requested -> active):
  custom:framework-win-MediaFoundation: 216162199b28c13a410421893ffa2e32 -> 
  custom:video-decoder-ogg-theora: a1e56fd34408186e4bbccfd4996cb3dc -> 
  custom:container-muxer-webm: aa71ff27fc2769a1b78a27578f13a17b -> 
  custom:container-demuxer-webm: 4f35f7cbe854078d1ac9338744f61a02 -> 
  custom:container-demuxer-ogg: 62fdf1f143b41e24485cea50d1cbac27 -> 
  custom:video-encoder-webm-vp8: eb34c28f22e8b96e1ab97ce403110664 -> 
  custom:video-codec-MediaFoundation-h265: 746d11721c4dcdbdad8f713fa42b33f4 -> 
  custom:video-decoder-webm-vp8: 9c59270c3fd7afecdb556c50c9e8de78 -> 
  custom:audio-decoder-ogg-vorbis: bf7c407c2cedff20999df2af8eb42d56 -> 
  custom:audio-encoder-webm-vorbis: bf7c407c2cedff20999df2af8eb42d56 -> 
========================================================================
Received Import Request.
  Time since last request: 5.909493 seconds.
  path: Assets/Scenes
  artifactKey: Guid(e255cb4aac8b9cb459eece19a4d47a1a) Importer(815301076,1909f56bfc062723c751e8b465ee728b)
Start importing Assets/Scenes using Guid(e255cb4aac8b9cb459eece19a4d47a1a) Importer(815301076,1909f56bfc062723c751e8b465ee728b)  -> (artifact id: '3d3dbea07d76009f8a72e12c2e41e491') in 0.002632 seconds 
========================================================================
Received Import Request.
  Time since last request: 5.296171 seconds.
  path: Assets/Resources
  artifactKey: Guid(3c22f0ea9d99a8c4485970fd7ce39d4e) Importer(815301076,1909f56bfc062723c751e8b465ee728b)
Start importing Assets/Resources using Guid(3c22f0ea9d99a8c4485970fd7ce39d4e) Importer(815301076,1909f56bfc062723c751e8b465ee728b)  -> (artifact id: '95f8bb19edf501e66db4b38fbd71abae') in 0.001780 seconds 
========================================================================
Received Import Request.
  Time since last request: 6.110795 seconds.
  path: Assets/Scripts
  artifactKey: Guid(fcfc479bbadef204da62df157efc5275) Importer(815301076,1909f56bfc062723c751e8b465ee728b)
Start importing Assets/Scripts using Guid(fcfc479bbadef204da62df157efc5275) Importer(815301076,1909f56bfc062723c751e8b465ee728b)  -> (artifact id: '23f024e897be663942fdea0ed064f40e') in 0.001763 seconds 
========================================================================
Received Import Request.
  Time since last request: 30.172681 seconds.
  path: Assets/Resources/Shaders
  artifactKey: Guid(c574448b3e4683c4cb1a957beea1e889) Importer(815301076,1909f56bfc062723c751e8b465ee728b)
Start importing Assets/Resources/Shaders using Guid(c574448b3e4683c4cb1a957beea1e889) Importer(815301076,1909f56bfc062723c751e8b465ee728b)  -> (artifact id: 'c5e084073e9e834f5df12e123286d866') in 0.001829 seconds 
========================================================================
Received Import Request.
  Time since last request: 5.548248 seconds.
  path: Assets/Resources/Prefabs
  artifactKey: Guid(5c79678290d1b0642a605b2ea2898474) Importer(815301076,1909f56bfc062723c751e8b465ee728b)
Start importing Assets/Resources/Prefabs using Guid(5c79678290d1b0642a605b2ea2898474) Importer(815301076,1909f56bfc062723c751e8b465ee728b)  -> (artifact id: '9dc9181ac1115e1955b34d52c472181f') in 0.002012 seconds 
========================================================================
Received Import Request.
  Time since last request: 6.222540 seconds.
  path: Assets/Resources/Materials
  artifactKey: Guid(1466a6eb26e8ed345b1ed94bcc06a571) Importer(815301076,1909f56bfc062723c751e8b465ee728b)
Start importing Assets/Resources/Materials using Guid(1466a6eb26e8ed345b1ed94bcc06a571) Importer(815301076,1909f56bfc062723c751e8b465ee728b)  -> (artifact id: 'a7ffdab9277ccf99c0ce48ff58286ba0') in 0.001907 seconds 
========================================================================
Received Import Request.
  Time since last request: 4.475839 seconds.
  path: Assets/Resources/Textures
  artifactKey: Guid(311ed29601ded9a43a654399a8f0c717) Importer(815301076,1909f56bfc062723c751e8b465ee728b)
Start importing Assets/Resources/Textures using Guid(311ed29601ded9a43a654399a8f0c717) Importer(815301076,1909f56bfc062723c751e8b465ee728b)  -> (artifact id: 'ad4eaa8642fc923c665ab9ead15b6236') in 0.001831 seconds 
========================================================================
Received Import Request.
  Time since last request: 4.505592 seconds.
  path: Assets/Resources/Sounds
  artifactKey: Guid(07a3625a1242fab4c95100331609e2b7) Importer(815301076,1909f56bfc062723c751e8b465ee728b)
Start importing Assets/Resources/Sounds using Guid(07a3625a1242fab4c95100331609e2b7) Importer(815301076,1909f56bfc062723c751e8b465ee728b)  -> (artifact id: 'be9faa17b05d03896a6a59249ecc7e87') in 0.001810 seconds 
========================================================================
Received Import Request.
  Time since last request: 4.139023 seconds.
  path: Assets/Resources/Effects
  artifactKey: Guid(4741962bc6c8bf145bf4be504bfdaecc) Importer(815301076,1909f56bfc062723c751e8b465ee728b)
Start importing Assets/Resources/Effects using Guid(4741962bc6c8bf145bf4be504bfdaecc) Importer(815301076,1909f56bfc062723c751e8b465ee728b)  -> (artifact id: '3b6657386572275907e45a5dd5190602') in 0.001108 seconds 
========================================================================
Received Import Request.
  Time since last request: 13.373955 seconds.
  path: Assets/Resources/LineRenderer
  artifactKey: Guid(749f3d60f2447474d93b7294668e905e) Importer(815301076,1909f56bfc062723c751e8b465ee728b)
Start importing Assets/Resources/LineRenderer using Guid(749f3d60f2447474d93b7294668e905e) Importer(815301076,1909f56bfc062723c751e8b465ee728b)  -> (artifact id: '93904ef0cf5a69b2c2077c1832da836a') in 0.001940 seconds 
========================================================================
Received Import Request.
  Time since last request: 15.094539 seconds.
  path: Assets/Resources/LineRenderers
  artifactKey: Guid(749f3d60f2447474d93b7294668e905e) Importer(815301076,1909f56bfc062723c751e8b465ee728b)
Start importing Assets/Resources/LineRenderers using Guid(749f3d60f2447474d93b7294668e905e) Importer(815301076,1909f56bfc062723c751e8b465ee728b)  -> (artifact id: '1cf76c167d2e08be537227f02a83807d') in 0.001036 seconds 
========================================================================
Received Import Request.
  Time since last request: 26.386223 seconds.
  path: Assets/Resources/TrailRenderers
  artifactKey: Guid(eda1f449585512e49a32ca13d526d50a) Importer(815301076,1909f56bfc062723c751e8b465ee728b)
Start importing Assets/Resources/TrailRenderers using Guid(eda1f449585512e49a32ca13d526d50a) Importer(815301076,1909f56bfc062723c751e8b465ee728b)  -> (artifact id: '5afaa2a8b7ecb261b5de140f30a971d7') in 0.001923 seconds 
========================================================================
Received Import Request.
  Time since last request: 4.886895 seconds.
  path: Assets/Scenes/SampleScene.unity
  artifactKey: Guid(9fc0d4010bbf28b4594072e72b8655ab) Importer(815301076,1909f56bfc062723c751e8b465ee728b)
Start importing Assets/Scenes/SampleScene.unity using Guid(9fc0d4010bbf28b4594072e72b8655ab) Importer(815301076,1909f56bfc062723c751e8b465ee728b)  -> (artifact id: '85059f4f9e1a832ed95adaa0d25c5c4c') in 0.009531 seconds 
AssetImportWorkerClient::OnTransportError - code=2 error=End of file
